[33mSun Apr 20 22:29:53 CEST 2025 WARNING [javafx.scene.CssStyleHelper] - Caught 'java.lang.ClassCastException: class java.lang.String cannot be cast to class javafx.scene.paint.Paint (java.lang.String is in module java.base of loader 'bootstrap'; javafx.scene.paint.Paint is in module javafx.graphics@21 of loader 'app')' while converting value for '-fx-background-color' from rule '*.action-button' in stylesheet file:/C:/STU/VAVA/gnome/target/classes/com/gnome/gnome/pages/css/login-registration.css
[0m[33mSun Apr 20 22:29:53 CEST 2025 WARNING [javafx.scene.CssStyleHelper] - Caught 'java.lang.ClassCastException: class java.lang.String cannot be cast to class javafx.scene.paint.Paint (java.lang.String is in module java.base of loader 'bootstrap'; javafx.scene.paint.Paint is in module javafx.graphics@21 of loader 'app')' while converting value for '-fx-background-color' from rule '*.action-button' in stylesheet file:/C:/STU/VAVA/gnome/target/classes/com/gnome/gnome/pages/css/login-registration.css
[0m[33mSun Apr 20 22:29:54 CEST 2025 WARNING [javafx.scene.CssStyleHelper] - Caught 'java.lang.ClassCastException: class java.lang.String cannot be cast to class javafx.scene.paint.Paint (java.lang.String is in module java.base of loader 'bootstrap'; javafx.scene.paint.Paint is in module javafx.graphics@21 of loader 'app')' while converting value for '-fx-background-color' from rule '*.action-button' in stylesheet file:/C:/STU/VAVA/gnome/target/classes/com/gnome/gnome/pages/css/login-registration.css
[0m[33mWed Apr 23 18:02:09 CEST 2025 WARNING [javafx.fxml.FXMLLoader$ValueElement] - Loading FXML document with JavaFX API of version 23.0.1 by JavaFX runtime of version 21
[0m[33mWed Apr 23 19:15:25 CEST 2025 WARNING [javafx.fxml.FXMLLoader$ValueElement] - Loading FXML document with JavaFX API of version 23.0.1 by JavaFX runtime of version 21
[0m[33mWed Apr 23 19:25:56 CEST 2025 WARNING [javafx.fxml.FXMLLoader$ValueElement] - Loading FXML document with JavaFX API of version 23.0.1 by JavaFX runtime of version 21
[0m[33mWed Apr 23 19:38:25 CEST 2025 WARNING [javafx.fxml.FXMLLoader$ValueElement] - Loading FXML document with JavaFX API of version 23.0.1 by JavaFX runtime of version 21
[0m[33mWed Apr 23 19:39:03 CEST 2025 WARNING [javafx.fxml.FXMLLoader$ValueElement] - Loading FXML document with JavaFX API of version 23.0.1 by JavaFX runtime of version 21
[0m[33mWed Apr 23 19:42:53 CEST 2025 WARNING [javafx.fxml.FXMLLoader$ValueElement] - Loading FXML document with JavaFX API of version 23.0.1 by JavaFX runtime of version 21
[0m[33mWed Apr 23 19:50:49 CEST 2025 WARNING [javafx.fxml.FXMLLoader$ValueElement] - Loading FXML document with JavaFX API of version 23.0.1 by JavaFX runtime of version 21
[0m[33mWed Apr 23 19:50:51 CEST 2025 WARNING [javafx.fxml.FXMLLoader$ValueElement] - Loading FXML document with JavaFX API of version 23.0.1 by JavaFX runtime of version 21
[0m[33mWed Apr 23 19:50:52 CEST 2025 WARNING [javafx.fxml.FXMLLoader$ValueElement] - Loading FXML document with JavaFX API of version 23.0.1 by JavaFX runtime of version 21
[0m[33mWed Apr 23 19:50:52 CEST 2025 WARNING [javafx.fxml.FXMLLoader$ValueElement] - Loading FXML document with JavaFX API of version 23.0.1 by JavaFX runtime of version 21
[0m[33mWed Apr 23 19:50:52 CEST 2025 WARNING [javafx.fxml.FXMLLoader$ValueElement] - Loading FXML document with JavaFX API of version 23.0.1 by JavaFX runtime of version 21
[0m[33mWed Apr 23 19:50:56 CEST 2025 WARNING [javafx.fxml.FXMLLoader$ValueElement] - Loading FXML document with JavaFX API of version 23.0.1 by JavaFX runtime of version 21
[0m[33mWed Apr 23 19:52:44 CEST 2025 WARNING [javafx.fxml.FXMLLoader$ValueElement] - Loading FXML document with JavaFX API of version 23.0.1 by JavaFX runtime of version 21
[0m[33mWed Apr 23 19:54:06 CEST 2025 WARNING [javafx.fxml.FXMLLoader$ValueElement] - Loading FXML document with JavaFX API of version 23.0.1 by JavaFX runtime of version 21
[0m[33mWed Apr 23 20:08:13 CEST 2025 WARNING [javafx.fxml.FXMLLoader$ValueElement] - Loading FXML document with JavaFX API of version 23.0.1 by JavaFX runtime of version 21
[0m[33mWed Apr 23 20:16:55 CEST 2025 WARNING [javafx.fxml.FXMLLoader$ValueElement] - Loading FXML document with JavaFX API of version 23.0.1 by JavaFX runtime of version 21
[0m[33mWed Apr 23 20:32:13 CEST 2025 WARNING [javafx.fxml.FXMLLoader$ValueElement] - Loading FXML document with JavaFX API of version 23.0.1 by JavaFX runtime of version 21
[0m[33mWed Apr 23 20:34:51 CEST 2025 WARNING [javafx.fxml.FXMLLoader$ValueElement] - Loading FXML document with JavaFX API of version 23.0.1 by JavaFX runtime of version 21
[0m[33mWed Apr 23 20:37:45 CEST 2025 WARNING [javafx.fxml.FXMLLoader$ValueElement] - Loading FXML document with JavaFX API of version 23.0.1 by JavaFX runtime of version 21
[0m[33mWed Apr 23 20:42:30 CEST 2025 WARNING [javafx.fxml.FXMLLoader$ValueElement] - Loading FXML document with JavaFX API of version 23.0.1 by JavaFX runtime of version 21
[0m[33mWed Apr 23 20:52:30 CEST 2025 WARNING [javafx.fxml.FXMLLoader$ValueElement] - Loading FXML document with JavaFX API of version 23.0.1 by JavaFX runtime of version 21
[0m[33mWed Apr 23 20:55:25 CEST 2025 WARNING [javafx.fxml.FXMLLoader$ValueElement] - Loading FXML document with JavaFX API of version 23.0.1 by JavaFX runtime of version 21
[0m[33mWed Apr 23 20:56:10 CEST 2025 WARNING [javafx.fxml.FXMLLoader$ValueElement] - Loading FXML document with JavaFX API of version 23.0.1 by JavaFX runtime of version 21
[0m[33mWed Apr 23 20:57:38 CEST 2025 WARNING [javafx.fxml.FXMLLoader$ValueElement] - Loading FXML document with JavaFX API of version 23.0.1 by JavaFX runtime of version 21
[0m[33mWed Apr 23 21:07:40 CEST 2025 WARNING [javafx.fxml.FXMLLoader$ValueElement] - Loading FXML document with JavaFX API of version 23.0.1 by JavaFX runtime of version 21
[0m[33mWed Apr 23 21:10:33 CEST 2025 WARNING [javafx.fxml.FXMLLoader$ValueElement] - Loading FXML document with JavaFX API of version 23.0.1 by JavaFX runtime of version 21
[0m[33mWed Apr 23 21:12:36 CEST 2025 WARNING [javafx.fxml.FXMLLoader$ValueElement] - Loading FXML document with JavaFX API of version 23.0.1 by JavaFX runtime of version 21
[0m[33mWed Apr 23 21:14:16 CEST 2025 WARNING [javafx.fxml.FXMLLoader$ValueElement] - Loading FXML document with JavaFX API of version 23.0.1 by JavaFX runtime of version 21
[0m[33mWed Apr 23 21:14:39 CEST 2025 WARNING [javafx.fxml.FXMLLoader$ValueElement] - Loading FXML document with JavaFX API of version 23.0.1 by JavaFX runtime of version 21
[0m[33mWed Apr 23 21:15:23 CEST 2025 WARNING [javafx.fxml.FXMLLoader$ValueElement] - Loading FXML document with JavaFX API of version 23.0.1 by JavaFX runtime of version 21
[0m[33mWed Apr 23 21:16:28 CEST 2025 WARNING [javafx.fxml.FXMLLoader$ValueElement] - Loading FXML document with JavaFX API of version 23.0.1 by JavaFX runtime of version 21
[0m[33mWed Apr 23 21:16:51 CEST 2025 WARNING [javafx.fxml.FXMLLoader$ValueElement] - Loading FXML document with JavaFX API of version 23.0.1 by JavaFX runtime of version 21
[0m[33mWed Apr 23 21:20:35 CEST 2025 WARNING [javafx.fxml.FXMLLoader$ValueElement] - Loading FXML document with JavaFX API of version 23.0.1 by JavaFX runtime of version 21
[0m[33mWed Apr 23 21:24:17 CEST 2025 WARNING [javafx.fxml.FXMLLoader$ValueElement] - Loading FXML document with JavaFX API of version 23.0.1 by JavaFX runtime of version 21
[0m[33mWed Apr 23 21:24:19 CEST 2025 WARNING [javafx.fxml.FXMLLoader$ValueElement] - Loading FXML document with JavaFX API of version 23.0.1 by JavaFX runtime of version 21
[0m[33mWed Apr 23 21:25:10 CEST 2025 WARNING [javafx.fxml.FXMLLoader$ValueElement] - Loading FXML document with JavaFX API of version 23.0.1 by JavaFX runtime of version 21
[0m[33mWed Apr 23 21:25:13 CEST 2025 WARNING [javafx.fxml.FXMLLoader$ValueElement] - Loading FXML document with JavaFX API of version 23.0.1 by JavaFX runtime of version 21
[0m[33mWed Apr 23 21:25:19 CEST 2025 WARNING [javafx.fxml.FXMLLoader$ValueElement] - Loading FXML document with JavaFX API of version 23.0.1 by JavaFX runtime of version 21
[0m[33mWed Apr 23 23:37:29 CEST 2025 WARNING [javafx.fxml.FXMLLoader$ValueElement] - Loading FXML document with JavaFX API of version 23.0.1 by JavaFX runtime of version 21
[0m[33mWed Apr 23 23:38:14 CEST 2025 WARNING [javafx.fxml.FXMLLoader$ValueElement] - Loading FXML document with JavaFX API of version 23.0.1 by JavaFX runtime of version 21
[0m[33mWed Apr 23 23:40:54 CEST 2025 WARNING [javafx.fxml.FXMLLoader$ValueElement] - Loading FXML document with JavaFX API of version 23.0.1 by JavaFX runtime of version 21
[0m[33mWed Apr 23 23:41:17 CEST 2025 WARNING [javafx.fxml.FXMLLoader$ValueElement] - Loading FXML document with JavaFX API of version 23.0.1 by JavaFX runtime of version 21
[0m[33mWed Apr 23 23:41:23 CEST 2025 WARNING [javafx.fxml.FXMLLoader$ValueElement] - Loading FXML document with JavaFX API of version 23.0.1 by JavaFX runtime of version 21
[0m[33mWed Apr 23 23:42:52 CEST 2025 WARNING [javafx.fxml.FXMLLoader$ValueElement] - Loading FXML document with JavaFX API of version 23.0.1 by JavaFX runtime of version 21
[0m[33mWed Apr 23 23:43:24 CEST 2025 WARNING [javafx.fxml.FXMLLoader$ValueElement] - Loading FXML document with JavaFX API of version 23.0.1 by JavaFX runtime of version 21
[0m[33mWed Apr 23 23:45:21 CEST 2025 WARNING [javafx.fxml.FXMLLoader$ValueElement] - Loading FXML document with JavaFX API of version 23.0.1 by JavaFX runtime of version 21
[0m[33mWed Apr 23 23:52:14 CEST 2025 WARNING [javafx.fxml.FXMLLoader$ValueElement] - Loading FXML document with JavaFX API of version 23.0.1 by JavaFX runtime of version 21
[0m[33mWed Apr 23 23:53:26 CEST 2025 WARNING [javafx.fxml.FXMLLoader$ValueElement] - Loading FXML document with JavaFX API of version 23.0.1 by JavaFX runtime of version 21
[0m[33mWed Apr 23 23:55:22 CEST 2025 WARNING [javafx.fxml.FXMLLoader$ValueElement] - Loading FXML document with JavaFX API of version 23.0.1 by JavaFX runtime of version 21
[0m[33mThu Apr 24 00:45:55 CEST 2025 WARNING [javafx.fxml.FXMLLoader$ValueElement] - Loading FXML document with JavaFX API of version 23.0.1 by JavaFX runtime of version 21
[0m[33mThu Apr 24 08:45:18 CEST 2025 WARNING [javafx.fxml.FXMLLoader$ValueElement] - Loading FXML document with JavaFX API of version 23.0.1 by JavaFX runtime of version 21
[0m[33mThu Apr 24 08:46:32 CEST 2025 WARNING [javafx.fxml.FXMLLoader$ValueElement] - Loading FXML document with JavaFX API of version 23.0.1 by JavaFX runtime of version 21
[0m[33mThu Apr 24 08:46:43 CEST 2025 WARNING [javafx.fxml.FXMLLoader$ValueElement] - Loading FXML document with JavaFX API of version 23.0.1 by JavaFX runtime of version 21
[0m[33mThu Apr 24 08:46:53 CEST 2025 WARNING [javafx.fxml.FXMLLoader$ValueElement] - Loading FXML document with JavaFX API of version 23.0.1 by JavaFX runtime of version 21
[0m[33mThu Apr 24 08:47:06 CEST 2025 WARNING [javafx.fxml.FXMLLoader$ValueElement] - Loading FXML document with JavaFX API of version 23.0.1 by JavaFX runtime of version 21
[0m[33mThu Apr 24 08:47:19 CEST 2025 WARNING [javafx.fxml.FXMLLoader$ValueElement] - Loading FXML document with JavaFX API of version 23.0.1 by JavaFX runtime of version 21
[0m[33mThu Apr 24 08:50:37 CEST 2025 WARNING [javafx.fxml.FXMLLoader$ValueElement] - Loading FXML document with JavaFX API of version 23.0.1 by JavaFX runtime of version 21
[0m[33mThu Apr 24 08:50:55 CEST 2025 WARNING [javafx.fxml.FXMLLoader$ValueElement] - Loading FXML document with JavaFX API of version 23.0.1 by JavaFX runtime of version 21
[0m[33mThu Apr 24 08:50:58 CEST 2025 WARNING [javafx.fxml.FXMLLoader$ValueElement] - Loading FXML document with JavaFX API of version 23.0.1 by JavaFX runtime of version 21
[0m[33mThu Apr 24 08:51:12 CEST 2025 WARNING [javafx.fxml.FXMLLoader$ValueElement] - Loading FXML document with JavaFX API of version 23.0.1 by JavaFX runtime of version 21
[0m[33mThu Apr 24 09:10:24 CEST 2025 WARNING [javafx.fxml.FXMLLoader$ValueElement] - Loading FXML document with JavaFX API of version 23.0.1 by JavaFX runtime of version 21
[0m[33mThu Apr 24 09:10:25 CEST 2025 WARNING [javafx.fxml.FXMLLoader$ValueElement] - Loading FXML document with JavaFX API of version 23.0.1 by JavaFX runtime of version 21
[0m[33mThu Apr 24 11:55:29 CEST 2025 WARNING [javafx.fxml.FXMLLoader$ValueElement] - Loading FXML document with JavaFX API of version 23.0.1 by JavaFX runtime of version 21
[0m[33mThu Apr 24 11:58:32 CEST 2025 WARNING [javafx.fxml.FXMLLoader$ValueElement] - Loading FXML document with JavaFX API of version 23.0.1 by JavaFX runtime of version 21
[0m[33mThu Apr 24 12:07:52 CEST 2025 WARNING [javafx.fxml.FXMLLoader$ValueElement] - Loading FXML document with JavaFX API of version 23.0.1 by JavaFX runtime of version 21
[0m[33mThu Apr 24 12:17:05 CEST 2025 WARNING [javafx.fxml.FXMLLoader$ValueElement] - Loading FXML document with JavaFX API of version 23.0.1 by JavaFX runtime of version 21
[0m[33mThu Apr 24 12:17:54 CEST 2025 WARNING [javafx.fxml.FXMLLoader$ValueElement] - Loading FXML document with JavaFX API of version 23.0.1 by JavaFX runtime of version 21
[0m[33mThu Apr 24 12:18:20 CEST 2025 WARNING [javafx.fxml.FXMLLoader$ValueElement] - Loading FXML document with JavaFX API of version 23.0.1 by JavaFX runtime of version 21
[0m[33mThu Apr 24 12:18:22 CEST 2025 WARNING [javafx.fxml.FXMLLoader$ValueElement] - Loading FXML document with JavaFX API of version 23.0.1 by JavaFX runtime of version 21
[0m[33mThu Apr 24 12:18:24 CEST 2025 WARNING [javafx.fxml.FXMLLoader$ValueElement] - Loading FXML document with JavaFX API of version 23.0.1 by JavaFX runtime of version 21
[0m[33mThu Apr 24 12:21:48 CEST 2025 WARNING [javafx.fxml.FXMLLoader$ValueElement] - Loading FXML document with JavaFX API of version 23.0.1 by JavaFX runtime of version 21
[0m[33mThu Apr 24 12:38:09 CEST 2025 WARNING [javafx.fxml.FXMLLoader$ValueElement] - Loading FXML document with JavaFX API of version 23.0.1 by JavaFX runtime of version 21
[0m[33mThu Apr 24 12:45:29 CEST 2025 WARNING [javafx.fxml.FXMLLoader$ValueElement] - Loading FXML document with JavaFX API of version 23.0.1 by JavaFX runtime of version 21
[0m[33mThu Apr 24 12:45:31 CEST 2025 WARNING [javafx.fxml.FXMLLoader$ValueElement] - Loading FXML document with JavaFX API of version 23.0.1 by JavaFX runtime of version 21
[0m[33mThu Apr 24 12:45:45 CEST 2025 WARNING [javafx.fxml.FXMLLoader$ValueElement] - Loading FXML document with JavaFX API of version 23.0.1 by JavaFX runtime of version 21
[0m[33mThu Apr 24 12:45:48 CEST 2025 WARNING [javafx.fxml.FXMLLoader$ValueElement] - Loading FXML document with JavaFX API of version 23.0.1 by JavaFX runtime of version 21
[0m[33mThu Apr 24 12:45:54 CEST 2025 WARNING [javafx.fxml.FXMLLoader$ValueElement] - Loading FXML document with JavaFX API of version 23.0.1 by JavaFX runtime of version 21
[0m[33mThu Apr 24 12:47:46 CEST 2025 WARNING [javafx.fxml.FXMLLoader$ValueElement] - Loading FXML document with JavaFX API of version 23.0.1 by JavaFX runtime of version 21
[0m